#! /usr/bin/vvp
:ivl_version "11.0 (stable)";
:ivl_delay_selection "TYPICAL";
:vpi_time_precision - 11;
:vpi_module "/usr/lib/x86_64-linux-gnu/ivl/system.vpi";
:vpi_module "/usr/lib/x86_64-linux-gnu/ivl/vhdl_sys.vpi";
:vpi_module "/usr/lib/x86_64-linux-gnu/ivl/vhdl_textio.vpi";
:vpi_module "/usr/lib/x86_64-linux-gnu/ivl/v2005_math.vpi";
:vpi_module "/usr/lib/x86_64-linux-gnu/ivl/va_math.vpi";
S_0x55e3c8f08600 .scope module, "TESTBENCH" "TESTBENCH" 2 13;
 .timescale -9 -11;
o0x7fc56933c048 .functor BUFZ 32, C4<zzzzzzzzzzzzzzzzzzzzzzzzzzzzzzzz>; HiZ drive
v0x55e3c8f8d0a0_0 .net "A_data_in", 31 0, o0x7fc56933c048;  0 drivers
v0x55e3c8fb55a0_0 .net "A_data_out", 31 0, v0x55e3c8f02420_0;  1 drivers
o0x7fc56933c0d8 .functor BUFZ 16, C4<zzzzzzzzzzzzzzzz>; HiZ drive
v0x55e3c8fb5660_0 .net "A_index", 15 0, o0x7fc56933c0d8;  0 drivers
o0x7fc56933c138 .functor BUFZ 1, C4<z>; HiZ drive
v0x55e3c8fb5700_0 .net "A_wr_en", 0 0, o0x7fc56933c138;  0 drivers
o0x7fc56933c288 .functor BUFZ 32, C4<zzzzzzzzzzzzzzzzzzzzzzzzzzzzzzzz>; HiZ drive
v0x55e3c8fb57a0_0 .net "B_data_in", 31 0, o0x7fc56933c288;  0 drivers
v0x55e3c8fb5860_0 .net "B_data_out", 31 0, v0x55e3c8faf8e0_0;  1 drivers
o0x7fc56933c318 .functor BUFZ 16, C4<zzzzzzzzzzzzzzzz>; HiZ drive
v0x55e3c8fb5920_0 .net "B_index", 15 0, o0x7fc56933c318;  0 drivers
o0x7fc56933c348 .functor BUFZ 1, C4<z>; HiZ drive
v0x55e3c8fb59e0_0 .net "B_wr_en", 0 0, o0x7fc56933c348;  0 drivers
o0x7fc56933c498 .functor BUFZ 128, C4<zzzzzzzzzzzzzzzzzzzzzzzzzzzzzzzzzzzzzzzzzzzzzzzzzzzzzzzzzzzzzzzzzzzzzzzzzzzzzzzzzzzzzzzzzzzzzzzzzzzzzzzzzzzzzzzzzzzzzzzzzzzzzzzz>; HiZ drive
v0x55e3c8fb5a80_0 .net "C_data_in", 127 0, o0x7fc56933c498;  0 drivers
v0x55e3c8fb5bd0_0 .net "C_data_out", 127 0, v0x55e3c8fb04b0_0;  1 drivers
o0x7fc56933c528 .functor BUFZ 16, C4<zzzzzzzzzzzzzzzz>; HiZ drive
v0x55e3c8fb5c90_0 .net "C_index", 15 0, o0x7fc56933c528;  0 drivers
o0x7fc56933c558 .functor BUFZ 1, C4<z>; HiZ drive
v0x55e3c8fb5d50_0 .net "C_wr_en", 0 0, o0x7fc56933c558;  0 drivers
v0x55e3c8fb5df0_0 .net "K", 7 0, v0x55e3c8fb2520_0;  1 drivers
v0x55e3c8fb5eb0_0 .net "M", 7 0, v0x55e3c8fb2680_0;  1 drivers
v0x55e3c8fb5f70_0 .net "N", 7 0, v0x55e3c8fb2950_0;  1 drivers
v0x55e3c8fb6080_0 .net "busy", 0 0, v0x55e3c8fb4eb0_0;  1 drivers
v0x55e3c8fb6170_0 .net "clk", 0 0, v0x55e3c8fb2d90_0;  1 drivers
v0x55e3c8fb6320_0 .net "in_valid", 0 0, v0x55e3c8fb3270_0;  1 drivers
v0x55e3c8fb6410_0 .net "rst_n", 0 0, v0x55e3c8fb35b0_0;  1 drivers
S_0x55e3c8f08790 .scope module, "My_Pattern" "PATTERN" 2 53, 3 8 0, S_0x55e3c8f08600;
 .timescale -9 -11;
    .port_info 0 /OUTPUT 1 "clk";
    .port_info 1 /OUTPUT 1 "rst_n";
    .port_info 2 /OUTPUT 1 "in_valid";
    .port_info 3 /OUTPUT 8 "K";
    .port_info 4 /OUTPUT 8 "M";
    .port_info 5 /OUTPUT 8 "N";
    .port_info 6 /INPUT 1 "busy";
    .port_info 7 /INPUT 1 "A_wr_en";
    .port_info 8 /INPUT 16 "A_index";
    .port_info 9 /INPUT 32 "A_data_in";
    .port_info 10 /OUTPUT 32 "A_data_out";
    .port_info 11 /INPUT 1 "B_wr_en";
    .port_info 12 /INPUT 16 "B_index";
    .port_info 13 /INPUT 32 "B_data_in";
    .port_info 14 /OUTPUT 32 "B_data_out";
    .port_info 15 /INPUT 1 "C_wr_en";
    .port_info 16 /INPUT 16 "C_index";
    .port_info 17 /INPUT 128 "C_data_in";
    .port_info 18 /OUTPUT 128 "C_data_out";
v0x55e3c8fb1960_0 .net "A_data_in", 31 0, o0x7fc56933c048;  alias, 0 drivers
v0x55e3c8fb1a40_0 .net "A_data_out", 31 0, v0x55e3c8f02420_0;  alias, 1 drivers
v0x55e3c8fb1ae0_0 .net "A_index", 15 0, o0x7fc56933c0d8;  alias, 0 drivers
v0x55e3c8fb1be0_0 .net "A_wr_en", 0 0, o0x7fc56933c138;  alias, 0 drivers
v0x55e3c8fb1cb0_0 .net "B_data_in", 31 0, o0x7fc56933c288;  alias, 0 drivers
v0x55e3c8fb1da0_0 .net "B_data_out", 31 0, v0x55e3c8faf8e0_0;  alias, 1 drivers
v0x55e3c8fb1e70_0 .net "B_index", 15 0, o0x7fc56933c318;  alias, 0 drivers
v0x55e3c8fb1f40_0 .net "B_wr_en", 0 0, o0x7fc56933c348;  alias, 0 drivers
v0x55e3c8fb2010_0 .var/real "CYCLE", 0 0;
v0x55e3c8fb2140_0 .net "C_data_in", 127 0, o0x7fc56933c498;  alias, 0 drivers
v0x55e3c8fb2210_0 .net "C_data_out", 127 0, v0x55e3c8fb04b0_0;  alias, 1 drivers
v0x55e3c8fb22e0_0 .net "C_index", 15 0, o0x7fc56933c528;  alias, 0 drivers
v0x55e3c8fb23b0_0 .net "C_wr_en", 0 0, o0x7fc56933c558;  alias, 0 drivers
v0x55e3c8fb2480 .array "GOLDEN", 0 65535, 127 0;
v0x55e3c8fb2520_0 .var "K", 7 0;
v0x55e3c8fb25c0_0 .var "K_golden", 7 0;
v0x55e3c8fb2680_0 .var "M", 7 0;
v0x55e3c8fb2870_0 .var "M_golden", 7 0;
v0x55e3c8fb2950_0 .var "N", 7 0;
v0x55e3c8fb2a30_0 .var "N_golden", 7 0;
v0x55e3c8fb2b10_0 .var/i "PATNUM", 31 0;
v0x55e3c8fb2bf0_0 .var/i "_", 31 0;
v0x55e3c8fb2cd0_0 .net "busy", 0 0, v0x55e3c8fb4eb0_0;  alias, 1 drivers
v0x55e3c8fb2d90_0 .var "clk", 0 0;
v0x55e3c8fb2e30_0 .var/i "cycles", 31 0;
v0x55e3c8fb2f10_0 .var/i "err", 31 0;
v0x55e3c8fb2ff0 .array "goldenbuf", 0 3, 31 0;
v0x55e3c8fb30b0_0 .var/i "i", 31 0;
v0x55e3c8fb3190_0 .var/i "in_fd", 31 0;
v0x55e3c8fb3270_0 .var "in_valid", 0 0;
v0x55e3c8fb3330_0 .var/i "nrow", 31 0;
v0x55e3c8fb3410_0 .var/i "patcount", 31 0;
v0x55e3c8fb34f0 .array "rbuf", 0 3, 7 0;
v0x55e3c8fb35b0_0 .var "rst_n", 0 0;
v0x55e3c8fb3650_0 .var/i "total_cycles", 31 0;
S_0x55e3c8f00f20 .scope task, "YOU_PASS_task" "YOU_PASS_task" 3 366, 3 366 0, S_0x55e3c8f08790;
 .timescale -9 -11;
TD_TESTBENCH.My_Pattern.YOU_PASS_task ;
    %vpi_call 3 367 "$display", "@@@@@@@@@@@@@@@@@@@@@@@@@@@@@@@@@@@@@@@@@@@@@@@@@@@@@@@@@@@@@@@@@@@@@@@@@@@@@@@@@@@@@@@@@8OOOOOOO8@@@@@@@@@@@@@@@@@@@@" {0 0 0};
    %vpi_call 3 368 "$display", "@@@@@@@@@@@@@@@@@@@@@@@@@@@@@@@@@@@@@@@@@@@@@@@@@@@@@@@@@@@@@@@@@@@@@@@@@@@@@@@@@@@@@O               .o8@@@@@@@@@@@@@@" {0 0 0};
    %vpi_call 3 369 "$display", "@@@@@@@@@@@@@@@@@@@@@@@@@@@@@@@@@@@@@@@@@@@@@@@@@@@@@@@@@@@@@@@@@@@@@@@@@@@@@@@@@@8:.                   .o@@@@@@@@@@@@" {0 0 0};
    %vpi_call 3 370 "$display", "@@@@@@@@@@@@@@@@@@@@@@@@@@@@@@@@@@@@@@@@@@@@@@@@@@@@@@@@@@@@@@@@@@@@@@@@@@@@@@@@@o                         :O@@@@@@@@@" {0 0 0};
    %vpi_call 3 371 "$display", "@@@@@@@@@@@@@@@@@@@@@@@@@@@@@@@@@@@@@@@@@@@@@@@@@@@@@@@@@@@@@@@@@@@@@@@@@@@@@@@@@                           .o8@@@@@@@" {0 0 0};
    %vpi_call 3 372 "$display", "@@@@@@@@@@@@@@@@@@888888@@@@@@@@@@@@@@@@@@@@@@@@@@@@@@@@@@88888888OOO88@@@@@@@@@@                             :@@@@@@@" {0 0 0};
    %vpi_call 3 373 "$display", "@@@@@@@@@@@@8o:.          .o8@@@@@@@@@@@@@@@@@@@88Oo:.                      .:ooo                              o@@@@@@" {0 0 0};
    %vpi_call 3 374 "$display", "@@@@@@@@@@8                  .8@@@@@@@@@@@@8O:.           ..::::::ooo:.                                        .8@@@@@" {0 0 0};
    %vpi_call 3 375 "$display", "@@@@@@@O.                      8@@@@@8O:.        .:O88@@@@@@@@@@@@@@@@@@@@@@@88Oo.                             :8@@@@@" {0 0 0};
    %vpi_call 3 376 "$display", "@@@@@@o                        :8@@8.      .:o8@@@@@@@@@@@@@@@@@@@@@@@@@@@@@@@@@@@@OO:                         o@@@@@@" {0 0 0};
    %vpi_call 3 377 "$display", "@@@@@8                          :o.     .O8@@@@@@@@@@@@@@@@@@@@@@@@@@@@@@@@@@@@@@@88@@8o.                      8@@@@@@" {0 0 0};
    %vpi_call 3 378 "$display", "@@@@:                               o8@@@@@@@@@@@@@@@@@@@@@@@@@@@@@@@@@@@@@@8:          :OO.                  o@@@@@8@" {0 0 0};
    %vpi_call 3 379 "$display", "@@@o.                             :O@@@@@@@@@@@@@@@@@@@@@@@@@@@@@@@@@@@@@@@@.              OO:              :8@@@@@@@@" {0 0 0};
    %vpi_call 3 380 "$display", "@@8.                           O8@@@@@@@@@@O:.    .oO@@@@@@@@@@@@@@@@@@@@@@@.                o88          O@@@@@@@@@@@" {0 0 0};
    %vpi_call 3 381 "$display", "@@O.                         :O@@@@@@@@@@:           o@@@@@@@@@@@@@@@@@@@@@@.                 .88o.     oO@@@@@@@@@@@@" {0 0 0};
    %vpi_call 3 382 "$display", "@@O.                       :8@@@@@@@@@@8:            .O@@@@@@@@@@@@@@@@@@@@@o                  .@@8O:   o8@@@@@8@@@@@@" {0 0 0};
    %vpi_call 3 383 "$display", "@@@:                      8@@@@@@@@@@O.               :8@@@@@@@@@@@@@@@@@@@@8o                  O@@@@.    8@@@@@@@@@8@" {0 0 0};
    %vpi_call 3 384 "$display", "@@@@o                    :@@@@@@@@@@o                 :8@@@@@@@@@@@@@@@@@@@@@@o                 O@@@@O:   .O@@@@@@@@@@" {0 0 0};
    %vpi_call 3 385 "$display", "@@@@@@.                .O@@@@@@@@@@8                  O@@@@@@@@@@@@@@@@@@@@@@@@@O             .O@@@@@@@@o   :@@@@@@@@@" {0 0 0};
    %vpi_call 3 386 "$display", "@@@@@@@O:.           .O@@@@@@@@@@@@o                 .8@@@@@@@@@@@@888O8@@@@@@@@@o.         .o8@@@@@@@@@@o   o8@@@@@@@" {0 0 0};
    %vpi_call 3 387 "$display", "@@@@@@@@@@8.         o@@@@@@@@@@@@@:                 o@@@@@@@O:.         :O@@@@@@@@Oo.   .:8@@@@@@@@@@@@@8     @@@@@@@" {0 0 0};
    %vpi_call 3 388 "$display", "@@@@@@@@@@@@@@@@:    8@@@@@@@@@@@@@8               :8@@@@8:              .O@@@@@@@@@@@@@@@@@@@@@@@@@@@@@@@@     @@@@@@" {0 0 0};
    %vpi_call 3 389 "$display", "@@@@@@@@@@@@@@@@    :@@@@@@@@@@@@@@@O.             8@@@@@8:              o@@@@@@@@@@@@@@@@@@@@@@@@@@@@@@8@@@    @@@@@@" {0 0 0};
    %vpi_call 3 390 "$display", "@@@@@@@@@@@@@@@O   :@@@@@@@@@@@@@@@@@@@8O:....:O8@@@@@@@@@@@o          O@@@@@@@@@@@@@@@@@@@@@@@@@@@@@@@@8@@@@    @@@@@" {0 0 0};
    %vpi_call 3 391 "$display", "@@@@@@@@@@@@@@8:  :O@@@@@@@@@@@@@@@@@@@@@@@@@@@@@@@@@@@@@@@@@Oo.    .o8@@@@@@@@@@@@@@@@@@@@@@@@@@@@@@@@@@@@@@@    @@@@" {0 0 0};
    %vpi_call 3 392 "$display", "@@@@@@@@@@@@@8:   o@@@@@@@@@@@@@@@@@@@@@@@@@@@@@@@@@@@@@@@@@@@@@@8  :@@@@@@@@@@@@@@@@@@@@@@@8Ooo\033[0;40;31m:::::\033[0;40;37moOO8@@8OOo   o@@@" {0 0 0};
    %vpi_call 3 393 "$display", "@@@@@@@@@@@@@O   O@@@@@@@@@@@@@@@@@@@@@@@@@@@@@@@@@@@@@@@@@@@@@@@8. .8@@8o:O@@@@@@@@@@@@@8O\033[0;40;31m:::::::::::::::\033[0;40;37mO@@@O   :@@@" {0 0 0};
    %vpi_call 3 394 "$display", "@@@@@@@@@@@@@O   O@@@@@@@@@@@@@@@@@@88888@@@@@@@@@@@@@@@@@@O:oO8@8.  .:    o@@@@@@@@@@@@O\033[0;40;31m::::::::::::::::::\033[0;40;37mo8@O   :8@@" {0 0 0};
    %vpi_call 3 395 "$display", "@@@@@@@@@@@@@O   O@@@@@@@@@@@@@\033[1;40;31mO\033[0;40;31m:::::::::::::\033[0;40;37mo8@@@@@@@@@@@@8.              :@@@@@@@@@@8o\033[0;40;31m::::::::::::::::::::\033[0;40;37mo8@:   .@@" {0 0 0};
    %vpi_call 3 396 "$display", "@@@@@@@@@@@@O.  .8@@@@@@@@@@8Oo\033[0;40;31m.:::::::::::::::\033[0;40;37moO@@@@@@@@@@8:              .@@@@@@@@@@O\033[0;40;31m::::::::::::::::::::::\033[0;40;37mo8O    @@" {0 0 0};
    %vpi_call 3 397 "$display", "@@@@@@@@@@@@o   O@@@@@@@@@@8o\033[0;40;31m::::::::::::::::::::\033[0;40;37mo8@@@@@@@@@O              .@@@@@@@@@@O\033[0;40;31m::::::::::::::::::::::\033[0;40;37mo8O    @@" {0 0 0};
    %vpi_call 3 398 "$display", "@@@@@@@@@@@@O.  :8@@@@@@@@o\033[0;40;31m::::::::::::::::::::::::\033[0;40;37m8@@@@@@@@@              :@@@@@@@@@@8o\033[0;40;31m:::::::::::::::::::::\033[0;40;37mO@o    @@" {0 0 0};
    %vpi_call 3 399 "$display", "@@@@@@@@@@@@8:  :8@@@@@@@8\033[0;40;31m:::::::::::::::::::::::::\033[0;40;37m8@@@@@@@@@              O@@@@@@@@@@@O\033[0;40;31m::::::::::::::::::::\033[0;40;37mo8@:   :@@" {0 0 0};
    %vpi_call 3 400 "$display", "@@@@@@@@@@@@@O   O@@@@@@8O\033[0;40;31m:::::::::::::::::::::::::\033[0;40;37mo8@@@@@@@@O           .8@@@@@@@@@@@@@8o\033[0;40;31m::::::::::::::::\033[0;40;37mo8@@@   .O@@" {0 0 0};
    %vpi_call 3 401 "$display", "@@@@@@@@@@@@@O   O8@@@@@8O\033[0;40;31m:::::::::::::::::::::::::\033[0;40;37mo8@@@@@@@@@8:       .O@@@@@@@@@@@@@@@@@O\033[0;40;31m::::::::::::::\033[0;40;37mo@@@@8   .8@@" {0 0 0};
    %vpi_call 3 402 "$display", "@@@@@@@@@@@@@O   O@@@@@@@O\033[0;40;31m::::::::::::::::::::::::.\033[0;40;37mO8@@@@8OOooo:.     :@@@@@@@@@@@@@@@@@@@@8OOo\033[0;40;31m::::::\033[0;40;37mooO8@@@@@o   :@@@" {0 0 0};
    %vpi_call 3 403 "$display", "@@@@@@@@@@@@@8.  o8@@@@@@@\033[0;40;31m:::::::::::::::::::::::::\033[0;40;37m8@8O.                  .:O8@@@@@@@@@@@@@@@@@@@@@@@@@@@@@@8o   o@@@@" {0 0 0};
    %vpi_call 3 404 "$display", "@@@@@@@@@@@@@8:  .O@@@@@@@O\033[0;40;31m:::::::::::::::::::::::\033[0;40;37mo@O.    .:oOOOo::.           .:OO8@@@@@@@@@@@@@@@@@@@@@@@@O.  :8@@@@" {0 0 0};
    %vpi_call 3 405 "$display", "@@@@@@@@@@@@@@8.  :8@@@@@@@8o\033[0;40;31m:::::::::::::::::::\033[0;40;37mO8@O    8@@@@@@@@@@@@@@@@@8O..         :oO8@@@@@@@@@@@@@@@8o.  .8@@@@@" {0 0 0};
    %vpi_call 3 406 "$display", "@@@@@@@@@@@@@@@O   :8@@@@@@@@8O\033[0;40;31m:::::::::::::::\033[0;40;37mO8@@@:   .@@@@@@@@@@@@@@@@@@@@@@88Oo:.       .:O8@@@@@@@@@@@.    O@@@@@@" {0 0 0};
    %vpi_call 3 407 "$display", "@@@@@@@@@@@@@@@8    O@@@@@@@@@@8Oo\033[0;40;31m::::::::\033[0;40;37mooO8@@@@@O.   O@@@@@@@@@@@@@@@@@@@@@@@@@@@@8:.      .o@@@@@@@@@o    O@@@@@@@" {0 0 0};
    %vpi_call 3 408 "$display", "@@@@@@@@@@@@@@@@o    8@@@@@@@@@@@@@@@@@@@@@@@@@@@@@@8:    :O8@@@@@@@@@@@@@@@@@@@@@@@@@@@@@@o.    :O@@@8o.  .o@@@@@@@@@" {0 0 0};
    %vpi_call 3 409 "$display", "@@@@@@@@@@@@@@@@@:    :8@@@@@@@@@@@@@@@@@@@@@@@@@@@@@8:      ...:oO8@@@@@@@@@@@@@@@@@@@@@@@@@O:   .O8.    .O@@@@@@@@@@" {0 0 0};
    %vpi_call 3 410 "$display", "@@@@@@@@@@@@@@@@@@@O:    :@@@@@@@@@@@@@@@@@@@@@@@@@@@O.   \033[0;40;33m...\033[0;40;37m          O@@@@@@@@@@@@@@@@@@@@@@@O       .O8@@@@@@@@@@@@" {0 0 0};
    %vpi_call 3 411 "$display", "@@@@@@@@@@@@@@@@@@@@@:    :O@@@@@@@@@@@@@@@@@@@@@@@@@O   \033[0;40;33m:O888Ooo:..\033[0;40;37m    :8@@@@@@@@@@@@@@@@@@@@O:     :O@@@@@@@@@@@@@@@" {0 0 0};
    %vpi_call 3 412 "$display", "@@@@@@@@@@@@@@@@@@@@@8o     .O8@@@@@@@@@@@@@@@@@@@@@O:  \033[0;40;33m.o8888888888O.\033[0;40;37m  .O@@@@@@@@@@@OO888@8O:.    :O@@@@@@@@@@@@@@@@@" {0 0 0};
    %vpi_call 3 413 "$display", "@@@@@@@@@@@@@@@@@@@@@@O        o8@@@@@@@@@@@@@@@@@@@o   \033[0;40;33m:88888888888o\033[0;40;37m   o8@@@@@@@:              o8@@@@@@@@@@@@@@@@@@@@" {0 0 0};
    %vpi_call 3 414 "$display", "@@@@@@@@@@@@@@@@@@@@@@@:          .:88@@@@@@@@@@@@@8:   \033[0;40;33mo8888O88888O.\033[0;40;37m  .8@@@@@@@O    \033[1;40;33m..\033[0;40;37m     .::O@@@@@@@@@@@@@@@@@@@@@@" {0 0 0};
    %vpi_call 3 415 "$display", "@@@@@@@@@@@@@@@@@@@@@@@O.                  .:o          \033[0;40;33m8888\033[0;40;37m@@@@\033[0;40;33m888o.\033[0;40;37m  o8@@@@@8o   \033[0;40;33mo88o.\033[0;40;37m   @@@@@@@@@@@@@@@@@@@@@@@@@@@" {0 0 0};
    %vpi_call 3 416 "$display", "@@@@@@@@@@@@@@@@@@@@@@@@o        .OOo:.                 \033[0;40;33mO88\033[0;40;37m@@@@@\033[0;40;33m888o.\033[0;40;37m  :8@@@@@o   \033[0;40;33m:O88.\033[0;40;37m   .@@@@@@@@@@@@@@@@@@@@@@@@@@@" {0 0 0};
    %vpi_call 3 417 "$display", "@@@@@@@@@@@@@@@@@@@@@@@@8o         :@@@@@O:             \033[0;40;33m.O8\033[0;40;37m@@@@\033[0;40;33m8888O:\033[0;40;37m   .O88O:   \033[0;40;33m.O88O\033[0;40;37m    O@@@@@@@@@@@@@@@@@@@@@@@@@@@" {0 0 0};
    %vpi_call 3 418 "$display", "@@@@@@@@@@@@@@@@@@@@@@@@@@:                             \033[0;40;33m.o8\033[0;40;37m@@@@\033[0;40;33m\033[0;40;33m888888O:\033[0;40;37m         \033[0;40;33m.888O:\033[0;40;37m   o8@@@@@@@@@@@@@@@@@@@@@@@@@@@" {0 0 0};
    %vpi_call 3 419 "$display", "@@@@@@@@@@@@@@@@@@@@@@@@@@8o                            \033[0;40;33m.O\033[0;40;37m@@@@\033[0;40;33m888888888Oo:...ooO8888:   \033[0;40;37m:8@@@@@@@@@@@@@@@@@@@@@@@@@@@@" {0 0 0};
    %vpi_call 3 420 "$display", "@@@@@@@@@@@@@@@@@@@@@@@@@@@@@8o                         \033[0;40;33mo8\033[0;40;37m@@@@\033[0;40;33m888888888888888888888O.\033[0;40;37m  :8@@@@@@@@@@@@@@@@@@@@@@@@@@@@@" {0 0 0};
    %vpi_call 3 421 "$display", "@@@@@@@@@@@@@@@@@@@@@@@@@@@@@@@o.                      \033[0;40;33m.8\033[0;40;37m@@@@\033[0;40;33m888888888888888888888O:\033[0;40;37m   o@@@@@@@@@@@@@@@@@@@@@@@@@@@@@@" {0 0 0};
    %vpi_call 3 422 "$display", "@@@@@@@@@@@@@@@@@@@@@@@@@@@@@@@@@O:.                 \033[0;40;33m.o8\033[0;40;37m@@@@@\033[0;40;33m88888888888888888888Oo\033[0;40;37m   :8@@@@@@@@@@@@@@@@@@@@@@@@@@@@@@" {0 0 0};
    %vpi_call 3 423 "$display", "@@@@@@@@@@@@@@@@@@@@@@@@@@@@@@@@@@@@@@8OOo::::::.   \033[0;40;33mo888\033[0;40;37m@@@@@\033[0;40;33m88888888888888888888o.\033[0;40;37m   @@@@@@@@@@@@@@@@@@@@@@@@@@@@@@@@" {0 0 0};
    %vpi_call 3 424 "$display", "@@@@@@@@@@@@@@@@@@@@@@@@@@@@@@@@@@@@@@@@@@@@@@@8:   \033[0;40;33mo888\033[0;40;37m@@@@@\033[0;40;33m88888888888888888888.\033[0;40;37m   .@@@@@@@@@@@@@@@@@@@@@@@@@@@@@@@@" {0 0 0};
    %vpi_call 3 425 "$display", "@@@@@@@@@@@@@@@@@@@@@@@@@@@@@@@@@@@@@@@@@@@@@@8:   \033[0;40;33mo888\033[0;40;37m@@@@@\033[0;40;33m88888888888888888888O\033[0;40;37m   .O@@@@@@@@@@@@@@@@@@@@@@@@@@@@@@@@" {0 0 0};
    %vpi_call 3 426 "$display", "@@@@@@@@@@@@@@@@@@@@@@@@@@@@@@@@@@@@@@@@@@@@@@O.   \033[0;40;33mO8888\033[0;40;37m@@@\033[0;40;33m88888888888888888888O.\033[0;40;37m   O@@@@@@@@@@@@@@@@@@@@@@@@@@@@@@@@@" {0 0 0};
    %vpi_call 3 427 "$display", "@@@@@@@@@@@@@@@@@@@@@@@@@@@@@@@@@@@@@@@@@@@@@@o    \033[0;40;33m8888888888888888888888888888o\033[0;40;37m   o8@@@@@@@@@@@@@@@@@@@@@@@@@@@@@@@@@" {0 0 0};
    %vpi_call 3 428 "$display", "@@@@@@@@@@@@@@@@@@@@@@@@@@@@@@@@@@@@@@@@@@@@@@.    \033[0;40;33m. ..:oOO8888888888888888888o.\033[0;40;37m  .8@@@@@@@@@@@@@@@@@@@@@@@@@@@@@@@@@@" {0 0 0};
    %vpi_call 3 429 "$display", "@@@@@@@@@@@@@@@@@@@@@@@@@@@@@@@@@@@@@@@@@@@@@@O.           \033[0;40;33m..:oO8888888888888O.\033[0;40;37m  .O@@@@@@@@@@@@@@@@@@@@@@@@@@@@@@@@@@@" {0 0 0};
    %vpi_call 3 430 "$display", "@@@@@@@@@@@@@@@@@@@@@@@@@@@@@@@@@@@@@@@@@@@@@@@@@@@@@8OO.             \033[0;40;33m.oOO88O.\033[0;40;37m   O@@@@@@@@@@@@@@@@@@@@@@@@@@@@@@@@@@@@" {0 0 0};
    %vpi_call 3 431 "$display", "@@@@@@@@@@@@@@@@@@@@@@@@@@@@@@@@@@@@@@@@@@@@@@@@@@@@@@@@@@@88:..          \033[0;40;33m...\033[0;40;37m    8@@@@@@@@@@@@@@@@@@@@@@@@@@@@@@@@@@@@" {0 0 0};
    %vpi_call 3 432 "$display", "@@@@@@@@@@@@@@@@@@@@@@@@@@@@@@@@@@@@@@@@@@@@@@@@@@@@@@@@@@@@@@@@88Ooo:.          @@@@@@@@@@@@@@@@@@@@@@@@@@@@@@@@@@@@@" {0 0 0};
    %vpi_call 3 433 "$display", "@@@@@@@@@@@@@@@@@@@@@@@@@@@@@@@@@@@@@@@@@@@@@@@@@@@@@@@@@@@@@@@@@@@@@@@@@@@8OoOO@@@@@@@@@@@@@@@@@@@@@@@@@@@@@@@@@@@@@@" {0 0 0};
    %vpi_call 3 434 "$display", "@@@@@@@@@@@@@@@@@@@@@@@@@@@@@@@@@@@@@@@@@@@@@@@@@@@@@@@@@@@@@@@@@@@@@@@@@@@@@@@@@@@@@@@@@@@@@@@@@@@@@@@@@@@@@@@@@@@@@@" {0 0 0};
    %vpi_call 3 435 "$display", "----------------------------------------------------------------------------------------------------------------------" {0 0 0};
    %vpi_call 3 436 "$display", "                                                  Congratulations!                \011\011\011\011\011\011             " {0 0 0};
    %vpi_call 3 437 "$display", "                                           You have passed all patterns!          \011\011\011\011\011\011             " {0 0 0};
    %vpi_call 3 438 "$display", "                                           Your execution cycles = %5d cycles   \011\011\011\011\011\011                 ", v0x55e3c8fb3650_0 {0 0 0};
    %pushi/real 1342177280, 4070; load=20.0000
    %vpi_call 3 439 "$display", "                                           Your clock period = %.1f ns        \011\011\011\011\011                     ", W<0,r> {0 1 0};
    %load/vec4 v0x55e3c8fb3650_0;
    %cvt/rv/s;
    %pushi/real 1342177280, 4070; load=20.0000
    %mul/wr;
    %vpi_call 3 440 "$display", "                                           Your total latency = %.1f ns         \011\011\011\011\011\011                 ", W<0,r> {0 1 0};
    %vpi_call 3 441 "$display", "----------------------------------------------------------------------------------------------------------------------" {0 0 0};
    %vpi_call 3 442 "$finish" {0 0 0};
    %end;
S_0x55e3c8ed08f0 .scope task, "exceed_1500000_cycles" "exceed_1500000_cycles" 3 281, 3 281 0, S_0x55e3c8f08790;
 .timescale -9 -11;
E_0x55e3c8eea750 .event negedge, v0x55e3c8f8bcb0_0;
TD_TESTBENCH.My_Pattern.exceed_1500000_cycles ;
    %vpi_call 3 282 "$display", "------------------------------------------------------------------------------------" {0 0 0};
    %vpi_call 3 283 "$display", "                               exceed 1500000 cycles, (%d) wrong                      ", v0x55e3c8fb2e30_0 {0 0 0};
    %vpi_call 3 284 "$display", "------------------------------------------------------------------------------------" {0 0 0};
    %pushi/vec4 10, 0, 32;
T_1.0 %dup/vec4;
    %pushi/vec4 0, 0, 32;
    %cmp/s;
    %jmp/1xz T_1.1, 5;
    %jmp/1 T_1.1, 4;
    %pushi/vec4 1, 0, 32;
    %sub;
    %wait E_0x55e3c8eea750;
    %jmp T_1.0;
T_1.1 ;
    %pop/vec4 1;
    %vpi_call 3 286 "$finish" {0 0 0};
    %end;
S_0x55e3c8ed0ad0 .scope module, "gbuff_A" "global_buffer" 3 101, 4 8 0, S_0x55e3c8f08790;
 .timescale -9 -11;
    .port_info 0 /INPUT 1 "clk";
    .port_info 1 /INPUT 1 "rst_n";
    .port_info 2 /INPUT 1 "wr_en";
    .port_info 3 /INPUT 16 "index";
    .port_info 4 /INPUT 32 "data_in";
    .port_info 5 /OUTPUT 32 "data_out";
P_0x55e3c8eca100 .param/l "ADDR_BITS" 0 4 8, +C4<00000000000000000000000000010000>;
P_0x55e3c8eca140 .param/l "DATA_BITS" 0 4 8, +C4<00000000000000000000000000100000>;
P_0x55e3c8eca180 .param/l "DEPTH" 0 4 19, +C4<00000000000000010000000000000000>;
v0x55e3c8f8bcb0_0 .net "clk", 0 0, v0x55e3c8fb2d90_0;  alias, 1 drivers
v0x55e3c8f8bd50_0 .net "data_in", 31 0, o0x7fc56933c048;  alias, 0 drivers
v0x55e3c8f02420_0 .var "data_out", 31 0;
v0x55e3c8e95350 .array "gbuff", 0 65535, 31 0;
v0x55e3c8ebcb10_0 .var/i "i", 31 0;
v0x55e3c8faf040_0 .net "index", 15 0, o0x7fc56933c0d8;  alias, 0 drivers
v0x55e3c8faf120_0 .net "rst_n", 0 0, v0x55e3c8fb35b0_0;  alias, 1 drivers
v0x55e3c8faf1e0_0 .net "wr_en", 0 0, o0x7fc56933c138;  alias, 0 drivers
E_0x55e3c8eb79f0 .event negedge, v0x55e3c8faf120_0, v0x55e3c8f8bcb0_0;
S_0x55e3c8faf360 .scope module, "gbuff_B" "global_buffer" 3 113, 4 8 0, S_0x55e3c8f08790;
 .timescale -9 -11;
    .port_info 0 /INPUT 1 "clk";
    .port_info 1 /INPUT 1 "rst_n";
    .port_info 2 /INPUT 1 "wr_en";
    .port_info 3 /INPUT 16 "index";
    .port_info 4 /INPUT 32 "data_in";
    .port_info 5 /OUTPUT 32 "data_out";
P_0x55e3c8eca1d0 .param/l "ADDR_BITS" 0 4 8, +C4<00000000000000000000000000010000>;
P_0x55e3c8eca210 .param/l "DATA_BITS" 0 4 8, +C4<00000000000000000000000000100000>;
P_0x55e3c8eca250 .param/l "DEPTH" 0 4 19, +C4<00000000000000010000000000000000>;
v0x55e3c8faf730_0 .net "clk", 0 0, v0x55e3c8fb2d90_0;  alias, 1 drivers
v0x55e3c8faf820_0 .net "data_in", 31 0, o0x7fc56933c288;  alias, 0 drivers
v0x55e3c8faf8e0_0 .var "data_out", 31 0;
v0x55e3c8faf9d0 .array "gbuff", 0 65535, 31 0;
v0x55e3c8fafa90_0 .var/i "i", 31 0;
v0x55e3c8fafbc0_0 .net "index", 15 0, o0x7fc56933c318;  alias, 0 drivers
v0x55e3c8fafca0_0 .net "rst_n", 0 0, v0x55e3c8fb35b0_0;  alias, 1 drivers
v0x55e3c8fafd40_0 .net "wr_en", 0 0, o0x7fc56933c348;  alias, 0 drivers
S_0x55e3c8fafea0 .scope module, "gbuff_C" "global_buffer" 3 126, 4 8 0, S_0x55e3c8f08790;
 .timescale -9 -11;
    .port_info 0 /INPUT 1 "clk";
    .port_info 1 /INPUT 1 "rst_n";
    .port_info 2 /INPUT 1 "wr_en";
    .port_info 3 /INPUT 16 "index";
    .port_info 4 /INPUT 128 "data_in";
    .port_info 5 /OUTPUT 128 "data_out";
P_0x55e3c8f2adf0 .param/l "ADDR_BITS" 0 4 8, +C4<00000000000000000000000000010000>;
P_0x55e3c8f2ae30 .param/l "DATA_BITS" 0 4 8, +C4<00000000000000000000000010000000>;
P_0x55e3c8f2ae70 .param/l "DEPTH" 0 4 19, +C4<00000000000000010000000000000000>;
v0x55e3c8fb02c0_0 .net "clk", 0 0, v0x55e3c8fb2d90_0;  alias, 1 drivers
v0x55e3c8fb03d0_0 .net "data_in", 127 0, o0x7fc56933c498;  alias, 0 drivers
v0x55e3c8fb04b0_0 .var "data_out", 127 0;
v0x55e3c8fb0570 .array "gbuff", 0 65535, 127 0;
v0x55e3c8fb0630_0 .var/i "i", 31 0;
v0x55e3c8fb0760_0 .net "index", 15 0, o0x7fc56933c528;  alias, 0 drivers
v0x55e3c8fb0840_0 .net "rst_n", 0 0, v0x55e3c8fb35b0_0;  alias, 1 drivers
v0x55e3c8fb0930_0 .net "wr_en", 0 0, o0x7fc56933c558;  alias, 0 drivers
S_0x55e3c8fb0ab0 .scope task, "golden_check" "golden_check" 3 291, 3 291 0, S_0x55e3c8f08790;
 .timescale -9 -11;
TD_TESTBENCH.My_Pattern.golden_check ;
    %pushi/vec4 0, 0, 32;
    %store/vec4 v0x55e3c8fb2f10_0, 0, 32;
    %load/vec4 v0x55e3c8fb2a30_0;
    %parti/s 2, 0, 2;
    %cmpi/ne 0, 0, 2;
    %flag_mov 8, 6;
    %jmp/0 T_2.2, 8;
    %load/vec4 v0x55e3c8fb2870_0;
    %pad/u 32;
    %load/vec4 v0x55e3c8fb2a30_0;
    %pad/u 32;
    %ix/load 4, 2, 0;
    %flag_set/imm 4, 0;
    %shiftr 4;
    %addi 1, 0, 32;
    %mul;
    %jmp/1 T_2.3, 8;
T_2.2 ; End of true expr.
    %load/vec4 v0x55e3c8fb2870_0;
    %pad/u 32;
    %load/vec4 v0x55e3c8fb2a30_0;
    %pad/u 32;
    %ix/load 4, 2, 0;
    %flag_set/imm 4, 0;
    %shiftr 4;
    %mul;
    %jmp/0 T_2.3, 8;
 ; End of false expr.
    %blend;
T_2.3;
    %store/vec4 v0x55e3c8fb3330_0, 0, 32;
    %pushi/vec4 0, 0, 32;
    %store/vec4 v0x55e3c8fb30b0_0, 0, 32;
T_2.4 ;
    %load/vec4 v0x55e3c8fb30b0_0;
    %load/vec4 v0x55e3c8fb3330_0;
    %cmp/s;
    %jmp/0xz T_2.5, 5;
    %ix/getv/s 4, v0x55e3c8fb30b0_0;
    %load/vec4a v0x55e3c8fb2480, 4;
    %parti/s 32, 96, 8;
    %ix/getv/s 4, v0x55e3c8fb30b0_0;
    %load/vec4a v0x55e3c8fb0570, 4;
    %parti/s 32, 96, 8;
    %cmp/ne;
    %jmp/0xz  T_2.6, 6;
    %ix/getv/s 4, v0x55e3c8fb30b0_0;
    %load/vec4a v0x55e3c8fb0570, 4;
    %parti/s 32, 96, 8;
    %ix/getv/s 4, v0x55e3c8fb30b0_0;
    %load/vec4a v0x55e3c8fb2480, 4;
    %parti/s 32, 96, 8;
    %vpi_call 3 298 "$display", "gbuff[%d][127:96] = %8h, expect = %8h", v0x55e3c8fb30b0_0, S<1,vec4,u32>, S<0,vec4,u32> {2 0 0};
    %load/vec4 v0x55e3c8fb2f10_0;
    %addi 1, 0, 32;
    %store/vec4 v0x55e3c8fb2f10_0, 0, 32;
T_2.6 ;
    %ix/getv/s 4, v0x55e3c8fb30b0_0;
    %load/vec4a v0x55e3c8fb2480, 4;
    %parti/s 32, 64, 8;
    %ix/getv/s 4, v0x55e3c8fb30b0_0;
    %load/vec4a v0x55e3c8fb0570, 4;
    %parti/s 32, 64, 8;
    %cmp/ne;
    %jmp/0xz  T_2.8, 6;
    %ix/getv/s 4, v0x55e3c8fb30b0_0;
    %load/vec4a v0x55e3c8fb0570, 4;
    %parti/s 32, 64, 8;
    %ix/getv/s 4, v0x55e3c8fb30b0_0;
    %load/vec4a v0x55e3c8fb2480, 4;
    %parti/s 32, 64, 8;
    %vpi_call 3 303 "$display", "gbuff[%d][95:64] = %8h, expect = %8h", v0x55e3c8fb30b0_0, S<1,vec4,u32>, S<0,vec4,u32> {2 0 0};
    %load/vec4 v0x55e3c8fb2f10_0;
    %addi 1, 0, 32;
    %store/vec4 v0x55e3c8fb2f10_0, 0, 32;
T_2.8 ;
    %ix/getv/s 4, v0x55e3c8fb30b0_0;
    %load/vec4a v0x55e3c8fb2480, 4;
    %parti/s 32, 32, 7;
    %ix/getv/s 4, v0x55e3c8fb30b0_0;
    %load/vec4a v0x55e3c8fb0570, 4;
    %parti/s 32, 32, 7;
    %cmp/ne;
    %jmp/0xz  T_2.10, 6;
    %ix/getv/s 4, v0x55e3c8fb30b0_0;
    %load/vec4a v0x55e3c8fb0570, 4;
    %parti/s 32, 32, 7;
    %ix/getv/s 4, v0x55e3c8fb30b0_0;
    %load/vec4a v0x55e3c8fb2480, 4;
    %parti/s 32, 32, 7;
    %vpi_call 3 308 "$display", "gbuff[%d][63:32] = %8h, expect = %8h", v0x55e3c8fb30b0_0, S<1,vec4,u32>, S<0,vec4,u32> {2 0 0};
    %load/vec4 v0x55e3c8fb2f10_0;
    %addi 1, 0, 32;
    %store/vec4 v0x55e3c8fb2f10_0, 0, 32;
T_2.10 ;
    %ix/getv/s 4, v0x55e3c8fb30b0_0;
    %load/vec4a v0x55e3c8fb2480, 4;
    %parti/s 32, 0, 2;
    %ix/getv/s 4, v0x55e3c8fb30b0_0;
    %load/vec4a v0x55e3c8fb0570, 4;
    %parti/s 32, 0, 2;
    %cmp/ne;
    %jmp/0xz  T_2.12, 6;
    %ix/getv/s 4, v0x55e3c8fb30b0_0;
    %load/vec4a v0x55e3c8fb0570, 4;
    %parti/s 32, 0, 2;
    %ix/getv/s 4, v0x55e3c8fb30b0_0;
    %load/vec4a v0x55e3c8fb2480, 4;
    %parti/s 32, 0, 2;
    %vpi_call 3 313 "$display", "gbuff[%d][31:0] = %8h, expect = %8h", v0x55e3c8fb30b0_0, S<1,vec4,u32>, S<0,vec4,u32> {2 0 0};
    %load/vec4 v0x55e3c8fb2f10_0;
    %addi 1, 0, 32;
    %store/vec4 v0x55e3c8fb2f10_0, 0, 32;
T_2.12 ;
    %load/vec4 v0x55e3c8fb30b0_0;
    %addi 1, 0, 32;
    %store/vec4 v0x55e3c8fb30b0_0, 0, 32;
    %jmp T_2.4;
T_2.5 ;
    %load/vec4 v0x55e3c8fb2f10_0;
    %cmpi/ne 0, 0, 32;
    %jmp/0xz  T_2.14, 4;
    %fork TD_TESTBENCH.My_Pattern.wrong_ans, S_0x55e3c8fb1780;
    %join;
T_2.14 ;
    %end;
S_0x55e3c8fb0c90 .scope task, "read_A_Matrix" "read_A_Matrix" 3 226, 3 226 0, S_0x55e3c8f08790;
 .timescale -9 -11;
TD_TESTBENCH.My_Pattern.read_A_Matrix ;
    %load/vec4 v0x55e3c8fb2870_0;
    %parti/s 2, 0, 2;
    %cmpi/ne 0, 0, 2;
    %flag_mov 8, 6;
    %jmp/0 T_3.16, 8;
    %load/vec4 v0x55e3c8fb25c0_0;
    %pad/u 32;
    %load/vec4 v0x55e3c8fb2870_0;
    %pad/u 32;
    %ix/load 4, 2, 0;
    %flag_set/imm 4, 0;
    %shiftr 4;
    %addi 1, 0, 32;
    %mul;
    %jmp/1 T_3.17, 8;
T_3.16 ; End of true expr.
    %load/vec4 v0x55e3c8fb25c0_0;
    %pad/u 32;
    %load/vec4 v0x55e3c8fb2870_0;
    %pad/u 32;
    %ix/load 4, 2, 0;
    %flag_set/imm 4, 0;
    %shiftr 4;
    %mul;
    %jmp/0 T_3.17, 8;
 ; End of false expr.
    %blend;
T_3.17;
    %store/vec4 v0x55e3c8fb3330_0, 0, 32;
    %pushi/vec4 0, 0, 32;
    %store/vec4 v0x55e3c8fb30b0_0, 0, 32;
T_3.18 ;
    %load/vec4 v0x55e3c8fb30b0_0;
    %load/vec4 v0x55e3c8fb3330_0;
    %cmp/s;
    %jmp/0xz T_3.19, 5;
    %vpi_func 3 231 "$fscanf" 32, v0x55e3c8fb3190_0, "%h %h %h %h", &A<v0x55e3c8fb34f0, 3>, &A<v0x55e3c8fb34f0, 2>, &A<v0x55e3c8fb34f0, 1>, &A<v0x55e3c8fb34f0, 0> {0 0 0};
    %store/vec4 v0x55e3c8fb2bf0_0, 0, 32;
    %ix/load 4, 3, 0;
    %flag_set/imm 4, 0;
    %load/vec4a v0x55e3c8fb34f0, 4;
    %ix/load 4, 2, 0;
    %flag_set/imm 4, 0;
    %load/vec4a v0x55e3c8fb34f0, 4;
    %concat/vec4; draw_concat_vec4
    %ix/load 4, 1, 0;
    %flag_set/imm 4, 0;
    %load/vec4a v0x55e3c8fb34f0, 4;
    %concat/vec4; draw_concat_vec4
    %ix/load 4, 0, 0;
    %flag_set/imm 4, 0;
    %load/vec4a v0x55e3c8fb34f0, 4;
    %concat/vec4; draw_concat_vec4
    %ix/getv/s 4, v0x55e3c8fb30b0_0;
    %store/vec4a v0x55e3c8e95350, 4, 0;
    %load/vec4 v0x55e3c8fb30b0_0;
    %addi 1, 0, 32;
    %store/vec4 v0x55e3c8fb30b0_0, 0, 32;
    %jmp T_3.18;
T_3.19 ;
    %end;
S_0x55e3c8fb0e70 .scope task, "read_B_Matrix" "read_B_Matrix" 3 239, 3 239 0, S_0x55e3c8f08790;
 .timescale -9 -11;
TD_TESTBENCH.My_Pattern.read_B_Matrix ;
    %load/vec4 v0x55e3c8fb2a30_0;
    %parti/s 2, 0, 2;
    %cmpi/ne 0, 0, 2;
    %flag_mov 8, 6;
    %jmp/0 T_4.20, 8;
    %load/vec4 v0x55e3c8fb25c0_0;
    %pad/u 32;
    %load/vec4 v0x55e3c8fb2a30_0;
    %pad/u 32;
    %ix/load 4, 2, 0;
    %flag_set/imm 4, 0;
    %shiftr 4;
    %addi 1, 0, 32;
    %mul;
    %jmp/1 T_4.21, 8;
T_4.20 ; End of true expr.
    %load/vec4 v0x55e3c8fb25c0_0;
    %pad/u 32;
    %load/vec4 v0x55e3c8fb2a30_0;
    %pad/u 32;
    %ix/load 4, 2, 0;
    %flag_set/imm 4, 0;
    %shiftr 4;
    %mul;
    %jmp/0 T_4.21, 8;
 ; End of false expr.
    %blend;
T_4.21;
    %store/vec4 v0x55e3c8fb3330_0, 0, 32;
    %pushi/vec4 0, 0, 32;
    %store/vec4 v0x55e3c8fb30b0_0, 0, 32;
T_4.22 ;
    %load/vec4 v0x55e3c8fb30b0_0;
    %load/vec4 v0x55e3c8fb3330_0;
    %cmp/s;
    %jmp/0xz T_4.23, 5;
    %vpi_func 3 244 "$fscanf" 32, v0x55e3c8fb3190_0, "%h %h %h %h", &A<v0x55e3c8fb34f0, 3>, &A<v0x55e3c8fb34f0, 2>, &A<v0x55e3c8fb34f0, 1>, &A<v0x55e3c8fb34f0, 0> {0 0 0};
    %store/vec4 v0x55e3c8fb2bf0_0, 0, 32;
    %ix/load 4, 3, 0;
    %flag_set/imm 4, 0;
    %load/vec4a v0x55e3c8fb34f0, 4;
    %ix/load 4, 2, 0;
    %flag_set/imm 4, 0;
    %load/vec4a v0x55e3c8fb34f0, 4;
    %concat/vec4; draw_concat_vec4
    %ix/load 4, 1, 0;
    %flag_set/imm 4, 0;
    %load/vec4a v0x55e3c8fb34f0, 4;
    %concat/vec4; draw_concat_vec4
    %ix/load 4, 0, 0;
    %flag_set/imm 4, 0;
    %load/vec4a v0x55e3c8fb34f0, 4;
    %concat/vec4; draw_concat_vec4
    %ix/getv/s 4, v0x55e3c8fb30b0_0;
    %store/vec4a v0x55e3c8faf9d0, 4, 0;
    %load/vec4 v0x55e3c8fb30b0_0;
    %addi 1, 0, 32;
    %store/vec4 v0x55e3c8fb30b0_0, 0, 32;
    %jmp T_4.22;
T_4.23 ;
    %end;
S_0x55e3c8fb1050 .scope task, "read_KMN" "read_KMN" 3 219, 3 219 0, S_0x55e3c8f08790;
 .timescale -9 -11;
TD_TESTBENCH.My_Pattern.read_KMN ;
    %vpi_func 3 220 "$fscanf" 32, v0x55e3c8fb3190_0, "%h", v0x55e3c8fb25c0_0 {0 0 0};
    %store/vec4 v0x55e3c8fb2bf0_0, 0, 32;
    %vpi_func 3 221 "$fscanf" 32, v0x55e3c8fb3190_0, "%h", v0x55e3c8fb2870_0 {0 0 0};
    %store/vec4 v0x55e3c8fb2bf0_0, 0, 32;
    %vpi_func 3 222 "$fscanf" 32, v0x55e3c8fb3190_0, "%h", v0x55e3c8fb2a30_0 {0 0 0};
    %store/vec4 v0x55e3c8fb2bf0_0, 0, 32;
    %end;
S_0x55e3c8fb1230 .scope task, "read_golden" "read_golden" 3 252, 3 252 0, S_0x55e3c8f08790;
 .timescale -9 -11;
TD_TESTBENCH.My_Pattern.read_golden ;
    %load/vec4 v0x55e3c8fb2a30_0;
    %parti/s 2, 0, 2;
    %cmpi/ne 0, 0, 2;
    %flag_mov 8, 6;
    %jmp/0 T_6.24, 8;
    %load/vec4 v0x55e3c8fb2870_0;
    %pad/u 32;
    %load/vec4 v0x55e3c8fb2a30_0;
    %pad/u 32;
    %ix/load 4, 2, 0;
    %flag_set/imm 4, 0;
    %shiftr 4;
    %addi 1, 0, 32;
    %mul;
    %jmp/1 T_6.25, 8;
T_6.24 ; End of true expr.
    %load/vec4 v0x55e3c8fb2870_0;
    %pad/u 32;
    %load/vec4 v0x55e3c8fb2a30_0;
    %pad/u 32;
    %ix/load 4, 2, 0;
    %flag_set/imm 4, 0;
    %shiftr 4;
    %mul;
    %jmp/0 T_6.25, 8;
 ; End of false expr.
    %blend;
T_6.25;
    %store/vec4 v0x55e3c8fb3330_0, 0, 32;
    %pushi/vec4 0, 0, 32;
    %store/vec4 v0x55e3c8fb30b0_0, 0, 32;
T_6.26 ;
    %load/vec4 v0x55e3c8fb30b0_0;
    %load/vec4 v0x55e3c8fb3330_0;
    %cmp/s;
    %jmp/0xz T_6.27, 5;
    %vpi_func 3 257 "$fscanf" 32, v0x55e3c8fb3190_0, "%h %h %h %h", &A<v0x55e3c8fb2ff0, 3>, &A<v0x55e3c8fb2ff0, 2>, &A<v0x55e3c8fb2ff0, 1>, &A<v0x55e3c8fb2ff0, 0> {0 0 0};
    %store/vec4 v0x55e3c8fb2bf0_0, 0, 32;
    %ix/load 4, 3, 0;
    %flag_set/imm 4, 0;
    %load/vec4a v0x55e3c8fb2ff0, 4;
    %ix/load 4, 2, 0;
    %flag_set/imm 4, 0;
    %load/vec4a v0x55e3c8fb2ff0, 4;
    %concat/vec4; draw_concat_vec4
    %ix/load 4, 1, 0;
    %flag_set/imm 4, 0;
    %load/vec4a v0x55e3c8fb2ff0, 4;
    %concat/vec4; draw_concat_vec4
    %ix/load 4, 0, 0;
    %flag_set/imm 4, 0;
    %load/vec4a v0x55e3c8fb2ff0, 4;
    %concat/vec4; draw_concat_vec4
    %ix/getv/s 4, v0x55e3c8fb30b0_0;
    %store/vec4a v0x55e3c8fb2480, 4, 0;
    %load/vec4 v0x55e3c8fb30b0_0;
    %addi 1, 0, 32;
    %store/vec4 v0x55e3c8fb30b0_0, 0, 32;
    %jmp T_6.26;
T_6.27 ;
    %end;
S_0x55e3c8fb13c0 .scope task, "reset_task" "reset_task" 3 199, 3 199 0, S_0x55e3c8f08790;
 .timescale -9 -11;
TD_TESTBENCH.My_Pattern.reset_task ;
    %delay 6000, 0;
    %pushi/vec4 0, 0, 1;
    %store/vec4 v0x55e3c8fb35b0_0, 0, 1;
    %delay 6000, 0;
    %load/vec4 v0x55e3c8fb2cd0_0;
    %cmpi/ne 0, 0, 1;
    %jmp/0xz  T_7.28, 6;
    %vpi_call 3 205 "$display", "----------------------------------------------------------------" {0 0 0};
    %vpi_call 3 206 "$display", "                        Reset failed!                           " {0 0 0};
    %vpi_call 3 207 "$display", "         Output signal should be 0 after initial RESET at %8t   ", $time {0 0 0};
    %vpi_call 3 208 "$display", "----------------------------------------------------------------" {0 0 0};
    %delay 10000, 0;
    %vpi_call 3 210 "$finish" {0 0 0};
T_7.28 ;
    %delay 2000, 0;
    %pushi/vec4 1, 0, 1;
    %store/vec4 v0x55e3c8fb35b0_0, 0, 1;
    %release/reg v0x55e3c8fb2d90_0, 0, 1;
    %end;
S_0x55e3c8fb15a0 .scope task, "wait_finished" "wait_finished" 3 265, 3 265 0, S_0x55e3c8f08790;
 .timescale -9 -11;
TD_TESTBENCH.My_Pattern.wait_finished ;
    %pushi/vec4 0, 0, 32;
    %store/vec4 v0x55e3c8fb2e30_0, 0, 32;
T_8.30 ;
    %load/vec4 v0x55e3c8fb2cd0_0;
    %cmpi/e 1, 0, 1;
    %jmp/0xz T_8.31, 6;
    %load/vec4 v0x55e3c8fb2e30_0;
    %addi 1, 0, 32;
    %store/vec4 v0x55e3c8fb2e30_0, 0, 32;
    %load/vec4 v0x55e3c8fb2e30_0;
    %cmpi/s 1500000, 0, 32;
    %flag_inv 5; GE is !LT
    %jmp/0xz  T_8.32, 5;
    %fork TD_TESTBENCH.My_Pattern.exceed_1500000_cycles, S_0x55e3c8ed08f0;
    %join;
T_8.32 ;
    %wait E_0x55e3c8eea750;
    %jmp T_8.30;
T_8.31 ;
    %end;
S_0x55e3c8fb1780 .scope task, "wrong_ans" "wrong_ans" 3 327, 3 327 0, S_0x55e3c8f08790;
 .timescale -9 -11;
TD_TESTBENCH.My_Pattern.wrong_ans ;
    %vpi_call 3 328 "$display", "                                       -----------                                      " {0 0 0};
    %vpi_call 3 329 "$display", "                                     -=====,======--                                    " {0 0 0};
    %vpi_call 3 330 "$display", "                                   ---------,-,,,,,,-                                   " {0 0 0};
    %vpi_call 3 331 "$display", "                                 :-=====:=====:=======:                                 " {0 0 0};
    %vpi_call 3 332 "$display", "                               :=----------------------::                               " {0 0 0};
    %vpi_call 3 333 "$display", "                              :--------------------------::                             " {0 0 0};
    %vpi_call 3 334 "$display", "                             :-----------------------------:                            " {0 0 0};
    %vpi_call 3 335 "$display", "                            :-------------------------------:                           " {0 0 0};
    %vpi_call 3 336 "$display", "                           :---------------------------------:                          " {0 0 0};
    %vpi_call 3 337 "$display", "                          :--------------=:::==::::-----------:                         " {0 0 0};
    %vpi_call 3 338 "$display", "                          :----------:====--,,,,--====:=------:                         " {0 0 0};
    %vpi_call 3 339 "$display", "                         :-------:===,=++++...++++..--===:-----:                        " {0 0 0};
    %vpi_call 3 340 "$display", "                         :-===--.......+    +.+    +......====-:                        " {0 0 0};
    %vpi_call 3 341 "$display", "                         /==-.........+      +      +.........../                       " {0 0 0};
    %vpi_call 3 342 "$display", "                         /-..........+     - / -     +........../                       " {0 0 0};
    %vpi_call 3 343 "$display", "                         /...........+    -# . #-    +........../                       " {0 0 0};
    %vpi_call 3 344 "$display", "                         /...........+       +       +........../                       " {0 0 0};
    %vpi_call 3 345 "$display", "                         /...........+      +.+      +........../                       " {0 0 0};
    %vpi_call 3 346 "$display", "                         /............+    +...+    +.........../                       " {0 0 0};
    %vpi_call 3 347 "$display", "                         /.............++++.....++++.........../                        " {0 0 0};
    %vpi_call 3 348 "$display", "                          /..................................-./                        " {0 0 0};
    %vpi_call 3 349 "$display", "                          /.-...............................-./                         " {0 0 0};
    %vpi_call 3 350 "$display", "                           /.-..........M##M$HM###M........-../                         " {0 0 0};
    %vpi_call 3 351 "$display", "                            /.-..........# FAIL #$........-../                          " {0 0 0};
    %vpi_call 3 352 "$display", "                             /.-....-......$$$$+-....-.....-/                           " {0 0 0};
    %vpi_call 3 353 "$display", "                              /......--.........,,,,...--.//                            " {0 0 0};
    %vpi_call 3 354 "$display", "                               //..----.............---.//                              " {0 0 0};
    %vpi_call 3 355 "$display", "                                 ///-..-------------.-//                                " {0 0 0};
    %vpi_call 3 356 "$display", "                                    //////////////////                                  " {0 0 0};
    %vpi_call 3 357 "$display", "----------------------------------------------------------------------------------------" {0 0 0};
    %vpi_call 3 358 "$display", "                             Unfortunately, your answer is wrong                        " {0 0 0};
    %vpi_call 3 359 "$display", "----------------------------------------------------------------------------------------" {0 0 0};
    %vpi_call 3 360 "$finish" {0 0 0};
    %end;
S_0x55e3c8fb3a30 .scope module, "My_TPU" "TPU" 2 78, 5 2 0, S_0x55e3c8f08600;
 .timescale -9 -11;
    .port_info 0 /INPUT 1 "clk";
    .port_info 1 /INPUT 1 "rst_n";
    .port_info 2 /INPUT 1 "in_valid";
    .port_info 3 /INPUT 8 "K";
    .port_info 4 /INPUT 8 "M";
    .port_info 5 /INPUT 8 "N";
    .port_info 6 /OUTPUT 1 "busy";
    .port_info 7 /OUTPUT 1 "A_wr_en";
    .port_info 8 /OUTPUT 16 "A_index";
    .port_info 9 /OUTPUT 32 "A_data_in";
    .port_info 10 /INPUT 32 "A_data_out";
    .port_info 11 /OUTPUT 1 "B_wr_en";
    .port_info 12 /OUTPUT 16 "B_index";
    .port_info 13 /OUTPUT 32 "B_data_in";
    .port_info 14 /INPUT 32 "B_data_out";
    .port_info 15 /OUTPUT 1 "C_wr_en";
    .port_info 16 /OUTPUT 16 "C_index";
    .port_info 17 /OUTPUT 128 "C_data_in";
    .port_info 18 /INPUT 128 "C_data_out";
v0x55e3c8fb3dd0_0 .net "A_data_in", 31 0, o0x7fc56933c048;  alias, 0 drivers
v0x55e3c8fb3f00_0 .net "A_data_out", 31 0, v0x55e3c8f02420_0;  alias, 1 drivers
v0x55e3c8fb4010_0 .net "A_index", 15 0, o0x7fc56933c0d8;  alias, 0 drivers
v0x55e3c8fb4100_0 .net "A_wr_en", 0 0, o0x7fc56933c138;  alias, 0 drivers
v0x55e3c8fb41f0_0 .net "B_data_in", 31 0, o0x7fc56933c288;  alias, 0 drivers
v0x55e3c8fb4350_0 .net "B_data_out", 31 0, v0x55e3c8faf8e0_0;  alias, 1 drivers
v0x55e3c8fb4460_0 .net "B_index", 15 0, o0x7fc56933c318;  alias, 0 drivers
v0x55e3c8fb4570_0 .net "B_wr_en", 0 0, o0x7fc56933c348;  alias, 0 drivers
v0x55e3c8fb4660_0 .net "C_data_in", 127 0, o0x7fc56933c498;  alias, 0 drivers
v0x55e3c8fb4720_0 .net "C_data_out", 127 0, v0x55e3c8fb04b0_0;  alias, 1 drivers
v0x55e3c8fb4830_0 .net "C_index", 15 0, o0x7fc56933c528;  alias, 0 drivers
v0x55e3c8fb4940_0 .net "C_wr_en", 0 0, o0x7fc56933c558;  alias, 0 drivers
v0x55e3c8fb4a30_0 .net "K", 7 0, v0x55e3c8fb2520_0;  alias, 1 drivers
v0x55e3c8fb4af0_0 .var "K_reg", 7 0;
v0x55e3c8fb4bb0_0 .net "M", 7 0, v0x55e3c8fb2680_0;  alias, 1 drivers
v0x55e3c8fb4c70_0 .var "M_reg", 7 0;
v0x55e3c8fb4d30_0 .net "N", 7 0, v0x55e3c8fb2950_0;  alias, 1 drivers
v0x55e3c8fb4df0_0 .var "N_reg", 7 0;
v0x55e3c8fb4eb0_0 .var "busy", 0 0;
v0x55e3c8fb4f50_0 .net "clk", 0 0, v0x55e3c8fb2d90_0;  alias, 1 drivers
v0x55e3c8fb4ff0_0 .var "counter", 15 0;
v0x55e3c8fb50b0_0 .net "in_valid", 0 0, v0x55e3c8fb3270_0;  alias, 1 drivers
v0x55e3c8fb5150_0 .net "rst_n", 0 0, v0x55e3c8fb35b0_0;  alias, 1 drivers
E_0x55e3c8ef3df0 .event posedge, v0x55e3c8f8bcb0_0;
    .scope S_0x55e3c8ed0ad0;
T_10 ;
    %wait E_0x55e3c8eb79f0;
    %load/vec4 v0x55e3c8faf120_0;
    %nor/r;
    %flag_set/vec4 8;
    %jmp/0xz  T_10.0, 8;
    %pushi/vec4 0, 0, 32;
    %store/vec4 v0x55e3c8ebcb10_0, 0, 32;
T_10.2 ;
    %load/vec4 v0x55e3c8ebcb10_0;
    %cmpi/s 65536, 0, 32;
    %jmp/0xz T_10.3, 5;
    %pushi/vec4 0, 0, 32;
    %ix/getv/s 3, v0x55e3c8ebcb10_0;
    %ix/load 4, 0, 0; Constant delay
    %assign/vec4/a/d v0x55e3c8e95350, 0, 4;
    %load/vec4 v0x55e3c8ebcb10_0;
    %addi 1, 0, 32;
    %store/vec4 v0x55e3c8ebcb10_0, 0, 32;
    %jmp T_10.2;
T_10.3 ;
    %jmp T_10.1;
T_10.0 ;
    %load/vec4 v0x55e3c8faf1e0_0;
    %flag_set/vec4 8;
    %jmp/0xz  T_10.4, 8;
    %load/vec4 v0x55e3c8f8bd50_0;
    %load/vec4 v0x55e3c8faf040_0;
    %pad/u 18;
    %ix/vec4 3;
    %ix/load 4, 0, 0; Constant delay
    %assign/vec4/a/d v0x55e3c8e95350, 0, 4;
    %jmp T_10.5;
T_10.4 ;
    %load/vec4 v0x55e3c8faf040_0;
    %pad/u 18;
    %ix/vec4 4;
    %load/vec4a v0x55e3c8e95350, 4;
    %assign/vec4 v0x55e3c8f02420_0, 0;
T_10.5 ;
T_10.1 ;
    %jmp T_10;
    .thread T_10;
    .scope S_0x55e3c8faf360;
T_11 ;
    %wait E_0x55e3c8eb79f0;
    %load/vec4 v0x55e3c8fafca0_0;
    %nor/r;
    %flag_set/vec4 8;
    %jmp/0xz  T_11.0, 8;
    %pushi/vec4 0, 0, 32;
    %store/vec4 v0x55e3c8fafa90_0, 0, 32;
T_11.2 ;
    %load/vec4 v0x55e3c8fafa90_0;
    %cmpi/s 65536, 0, 32;
    %jmp/0xz T_11.3, 5;
    %pushi/vec4 0, 0, 32;
    %ix/getv/s 3, v0x55e3c8fafa90_0;
    %ix/load 4, 0, 0; Constant delay
    %assign/vec4/a/d v0x55e3c8faf9d0, 0, 4;
    %load/vec4 v0x55e3c8fafa90_0;
    %addi 1, 0, 32;
    %store/vec4 v0x55e3c8fafa90_0, 0, 32;
    %jmp T_11.2;
T_11.3 ;
    %jmp T_11.1;
T_11.0 ;
    %load/vec4 v0x55e3c8fafd40_0;
    %flag_set/vec4 8;
    %jmp/0xz  T_11.4, 8;
    %load/vec4 v0x55e3c8faf820_0;
    %load/vec4 v0x55e3c8fafbc0_0;
    %pad/u 18;
    %ix/vec4 3;
    %ix/load 4, 0, 0; Constant delay
    %assign/vec4/a/d v0x55e3c8faf9d0, 0, 4;
    %jmp T_11.5;
T_11.4 ;
    %load/vec4 v0x55e3c8fafbc0_0;
    %pad/u 18;
    %ix/vec4 4;
    %load/vec4a v0x55e3c8faf9d0, 4;
    %assign/vec4 v0x55e3c8faf8e0_0, 0;
T_11.5 ;
T_11.1 ;
    %jmp T_11;
    .thread T_11;
    .scope S_0x55e3c8fafea0;
T_12 ;
    %wait E_0x55e3c8eb79f0;
    %load/vec4 v0x55e3c8fb0840_0;
    %nor/r;
    %flag_set/vec4 8;
    %jmp/0xz  T_12.0, 8;
    %pushi/vec4 0, 0, 32;
    %store/vec4 v0x55e3c8fb0630_0, 0, 32;
T_12.2 ;
    %load/vec4 v0x55e3c8fb0630_0;
    %cmpi/s 65536, 0, 32;
    %jmp/0xz T_12.3, 5;
    %pushi/vec4 0, 0, 128;
    %ix/getv/s 3, v0x55e3c8fb0630_0;
    %ix/load 4, 0, 0; Constant delay
    %assign/vec4/a/d v0x55e3c8fb0570, 0, 4;
    %load/vec4 v0x55e3c8fb0630_0;
    %addi 1, 0, 32;
    %store/vec4 v0x55e3c8fb0630_0, 0, 32;
    %jmp T_12.2;
T_12.3 ;
    %jmp T_12.1;
T_12.0 ;
    %load/vec4 v0x55e3c8fb0930_0;
    %flag_set/vec4 8;
    %jmp/0xz  T_12.4, 8;
    %load/vec4 v0x55e3c8fb03d0_0;
    %load/vec4 v0x55e3c8fb0760_0;
    %pad/u 18;
    %ix/vec4 3;
    %ix/load 4, 0, 0; Constant delay
    %assign/vec4/a/d v0x55e3c8fb0570, 0, 4;
    %jmp T_12.5;
T_12.4 ;
    %load/vec4 v0x55e3c8fb0760_0;
    %pad/u 18;
    %ix/vec4 4;
    %load/vec4a v0x55e3c8fb0570, 4;
    %assign/vec4 v0x55e3c8fb04b0_0, 0;
T_12.5 ;
T_12.1 ;
    %jmp T_12;
    .thread T_12;
    .scope S_0x55e3c8f08790;
T_13 ;
    %pushi/real 1342177280, 4070; load=20.0000
    %store/real v0x55e3c8fb2010_0;
    %end;
    .thread T_13;
    .scope S_0x55e3c8f08790;
T_14 ;
    %load/real v0x55e3c8fb2010_0;
    %pushi/real 1073741824, 4067; load=2.00000
    %div/wr;
    %pushi/real 1677721600, 4072; load=100.000
    %mul/wr;
    %cvt/vr 64;
    %muli 1, 0, 64;
    %ix/vec4 4;
    %delayx 4;
    %load/vec4 v0x55e3c8fb2d90_0;
    %inv;
    %store/vec4 v0x55e3c8fb2d90_0, 0, 1;
    %jmp T_14;
    .thread T_14;
    .scope S_0x55e3c8f08790;
T_15 ;
    %pushi/vec4 1, 0, 1;
    %store/vec4 v0x55e3c8fb35b0_0, 0, 1;
    %pushi/vec4 0, 0, 1;
    %store/vec4 v0x55e3c8fb3270_0, 0, 1;
    %pushi/vec4 255, 255, 8;
    %store/vec4 v0x55e3c8fb2520_0, 0, 8;
    %pushi/vec4 255, 255, 8;
    %store/vec4 v0x55e3c8fb2680_0, 0, 8;
    %pushi/vec4 255, 255, 8;
    %store/vec4 v0x55e3c8fb2950_0, 0, 8;
    %pushi/vec4 0, 0, 32;
    %store/vec4 v0x55e3c8fb2e30_0, 0, 32;
    %pushi/vec4 0, 0, 32;
    %store/vec4 v0x55e3c8fb3650_0, 0, 32;
    %pushi/vec4 0, 0, 1;
    %force/vec4 v0x55e3c8fb2d90_0;
    %fork TD_TESTBENCH.My_Pattern.reset_task, S_0x55e3c8fb13c0;
    %join;
    %vpi_func 3 156 "$fopen" 32, "./TESTBENCH/input.txt", "r" {0 0 0};
    %store/vec4 v0x55e3c8fb3190_0, 0, 32;
    %vpi_func 3 159 "$fscanf" 32, v0x55e3c8fb3190_0, "%d", v0x55e3c8fb2b10_0 {0 0 0};
    %store/vec4 v0x55e3c8fb2bf0_0, 0, 32;
    %pushi/vec4 0, 0, 32;
    %store/vec4 v0x55e3c8fb3410_0, 0, 32;
T_15.0 ;
    %load/vec4 v0x55e3c8fb3410_0;
    %load/vec4 v0x55e3c8fb2b10_0;
    %cmp/s;
    %jmp/0xz T_15.1, 5;
    %fork TD_TESTBENCH.My_Pattern.read_KMN, S_0x55e3c8fb1050;
    %join;
    %fork TD_TESTBENCH.My_Pattern.read_A_Matrix, S_0x55e3c8fb0c90;
    %join;
    %fork TD_TESTBENCH.My_Pattern.read_B_Matrix, S_0x55e3c8fb0e70;
    %join;
    %fork TD_TESTBENCH.My_Pattern.read_golden, S_0x55e3c8fb1230;
    %join;
    %pushi/vec4 3, 0, 32;
T_15.2 %dup/vec4;
    %pushi/vec4 0, 0, 32;
    %cmp/s;
    %jmp/1xz T_15.3, 5;
    %jmp/1 T_15.3, 4;
    %pushi/vec4 1, 0, 32;
    %sub;
    %wait E_0x55e3c8eea750;
    %jmp T_15.2;
T_15.3 ;
    %pop/vec4 1;
    %pushi/vec4 1, 0, 1;
    %store/vec4 v0x55e3c8fb3270_0, 0, 1;
    %load/vec4 v0x55e3c8fb25c0_0;
    %store/vec4 v0x55e3c8fb2520_0, 0, 8;
    %load/vec4 v0x55e3c8fb2870_0;
    %store/vec4 v0x55e3c8fb2680_0, 0, 8;
    %load/vec4 v0x55e3c8fb2a30_0;
    %store/vec4 v0x55e3c8fb2950_0, 0, 8;
    %wait E_0x55e3c8eea750;
    %pushi/vec4 0, 0, 1;
    %store/vec4 v0x55e3c8fb3270_0, 0, 1;
    %pushi/vec4 255, 255, 8;
    %store/vec4 v0x55e3c8fb2520_0, 0, 8;
    %pushi/vec4 255, 255, 8;
    %store/vec4 v0x55e3c8fb2680_0, 0, 8;
    %pushi/vec4 255, 255, 8;
    %store/vec4 v0x55e3c8fb2950_0, 0, 8;
    %fork TD_TESTBENCH.My_Pattern.wait_finished, S_0x55e3c8fb15a0;
    %join;
    %fork TD_TESTBENCH.My_Pattern.golden_check, S_0x55e3c8fb0ab0;
    %join;
    %vpi_call 3 187 "$display", "\033[0;34mPASS PATTERN NO.%4d,\033[m \033[0;32m Cycles: %3d\033[m", v0x55e3c8fb3410_0, v0x55e3c8fb2e30_0 {0 0 0};
    %load/vec4 v0x55e3c8fb3650_0;
    %load/vec4 v0x55e3c8fb2e30_0;
    %add;
    %store/vec4 v0x55e3c8fb3650_0, 0, 32;
    %pushi/vec4 0, 0, 32;
    %store/vec4 v0x55e3c8fb2e30_0, 0, 32;
    %pushi/vec4 5, 0, 32;
T_15.4 %dup/vec4;
    %pushi/vec4 0, 0, 32;
    %cmp/s;
    %jmp/1xz T_15.5, 5;
    %jmp/1 T_15.5, 4;
    %pushi/vec4 1, 0, 32;
    %sub;
    %wait E_0x55e3c8eea750;
    %jmp T_15.4;
T_15.5 ;
    %pop/vec4 1;
    %load/vec4 v0x55e3c8fb3410_0;
    %addi 1, 0, 32;
    %store/vec4 v0x55e3c8fb3410_0, 0, 32;
    %jmp T_15.0;
T_15.1 ;
    %fork TD_TESTBENCH.My_Pattern.YOU_PASS_task, S_0x55e3c8f00f20;
    %join;
    %vpi_call 3 194 "$finish" {0 0 0};
    %end;
    .thread T_15;
    .scope S_0x55e3c8fb3a30;
T_16 ;
    %wait E_0x55e3c8ef3df0;
    %load/vec4 v0x55e3c8fb5150_0;
    %inv;
    %flag_set/vec4 8;
    %jmp/0xz  T_16.0, 8;
    %pushi/vec4 0, 0, 1;
    %assign/vec4 v0x55e3c8fb4eb0_0, 0;
    %pushi/vec4 0, 0, 16;
    %assign/vec4 v0x55e3c8fb4ff0_0, 0;
    %jmp T_16.1;
T_16.0 ;
    %load/vec4 v0x55e3c8fb4ff0_0;
    %pad/u 32;
    %cmpi/u 0, 0, 32;
    %flag_or 5, 4;
    %jmp/0xz  T_16.2, 5;
T_16.2 ;
T_16.1 ;
    %load/vec4 v0x55e3c8fb50b0_0;
    %flag_set/vec4 8;
    %jmp/0xz  T_16.4, 8;
    %pushi/vec4 1, 0, 1;
    %store/vec4 v0x55e3c8fb4eb0_0, 0, 1;
T_16.4 ;
    %jmp T_16;
    .thread T_16;
    .scope S_0x55e3c8fb3a30;
T_17 ;
    %wait E_0x55e3c8ef3df0;
    %load/vec4 v0x55e3c8fb50b0_0;
    %flag_set/vec4 8;
    %jmp/0xz  T_17.0, 8;
    %load/vec4 v0x55e3c8fb4a30_0;
    %assign/vec4 v0x55e3c8fb4af0_0, 0;
    %load/vec4 v0x55e3c8fb4bb0_0;
    %assign/vec4 v0x55e3c8fb4c70_0, 0;
    %load/vec4 v0x55e3c8fb4d30_0;
    %assign/vec4 v0x55e3c8fb4df0_0, 0;
    %load/vec4 v0x55e3c8fb4a30_0;
    %pad/u 16;
    %load/vec4 v0x55e3c8fb4bb0_0;
    %pad/u 16;
    %mul;
    %addi 1, 0, 16;
    %assign/vec4 v0x55e3c8fb4ff0_0, 0;
T_17.0 ;
    %jmp T_17;
    .thread T_17;
    .scope S_0x55e3c8f08600;
T_18 ;
    %end;
    .thread T_18;
# The file index is used to find the file name in the following table.
:file_names 6;
    "N/A";
    "<interactive>";
    "TESTBENCH/TESTBENCH.v";
    "/home/kie/hdd/MyProjects/aaml/lab3/TESTBENCH/PATTERN.v";
    "/home/kie/hdd/MyProjects/aaml/lab3/RTL/global_buffer.v";
    "/home/kie/hdd/MyProjects/aaml/lab3/RTL/TPU.v";
